[13-Aug-2025 09:34:11 Europe/Berlin] PHP Warning:  Undefined variable $conn in G:\2018\Computer Science\Apache\htdocs\wallet\transaction_history.php on line 27
[13-Aug-2025 09:34:11 Europe/Berlin] PHP Fatal error:  Uncaught Error: Call to a member function prepare() on null in G:\2018\Computer Science\Apache\htdocs\wallet\transaction_history.php:27
Stack trace:
#0 {main}
  thrown in G:\2018\Computer Science\Apache\htdocs\wallet\transaction_history.php on line 27
[13-Aug-2025 09:34:12 Europe/Berlin] PHP Warning:  Undefined variable $conn in G:\2018\Computer Science\Apache\htdocs\wallet\transaction_history.php on line 27
[13-Aug-2025 09:34:12 Europe/Berlin] PHP Fatal error:  Uncaught Error: Call to a member function prepare() on null in G:\2018\Computer Science\Apache\htdocs\wallet\transaction_history.php:27
Stack trace:
#0 {main}
  thrown in G:\2018\Computer Science\Apache\htdocs\wallet\transaction_history.php on line 27
[13-Aug-2025 09:34:13 Europe/Berlin] PHP Warning:  Undefined variable $conn in G:\2018\Computer Science\Apache\htdocs\wallet\transaction_history.php on line 27
[13-Aug-2025 09:34:13 Europe/Berlin] PHP Fatal error:  Uncaught Error: Call to a member function prepare() on null in G:\2018\Computer Science\Apache\htdocs\wallet\transaction_history.php:27
Stack trace:
#0 {main}
  thrown in G:\2018\Computer Science\Apache\htdocs\wallet\transaction_history.php on line 27
[13-Aug-2025 09:39:55 Europe/Berlin] PHP Warning:  Undefined variable $conn in G:\2018\Computer Science\Apache\htdocs\wallet\transaction_history.php on line 27
[13-Aug-2025 09:39:55 Europe/Berlin] PHP Fatal error:  Uncaught Error: Call to a member function prepare() on null in G:\2018\Computer Science\Apache\htdocs\wallet\transaction_history.php:27
Stack trace:
#0 {main}
  thrown in G:\2018\Computer Science\Apache\htdocs\wallet\transaction_history.php on line 27
[13-Aug-2025 09:40:14 Europe/Berlin] PHP Warning:  Undefined variable $conn in G:\2018\Computer Science\Apache\htdocs\wallet\transaction_history.php on line 27
[13-Aug-2025 09:40:14 Europe/Berlin] PHP Fatal error:  Uncaught Error: Call to a member function prepare() on null in G:\2018\Computer Science\Apache\htdocs\wallet\transaction_history.php:27
Stack trace:
#0 {main}
  thrown in G:\2018\Computer Science\Apache\htdocs\wallet\transaction_history.php on line 27
[13-Aug-2025 09:40:22 Europe/Berlin] PHP Warning:  Undefined variable $conn in G:\2018\Computer Science\Apache\htdocs\wallet\transaction_history.php on line 27
[13-Aug-2025 09:40:22 Europe/Berlin] PHP Fatal error:  Uncaught Error: Call to a member function prepare() on null in G:\2018\Computer Science\Apache\htdocs\wallet\transaction_history.php:27
Stack trace:
#0 {main}
  thrown in G:\2018\Computer Science\Apache\htdocs\wallet\transaction_history.php on line 27
[13-Aug-2025 09:49:19 Europe/Berlin] PHP Warning:  Undefined variable $conn in G:\2018\Computer Science\Apache\htdocs\wallet\transaction_history.php on line 27
[13-Aug-2025 09:49:19 Europe/Berlin] PHP Fatal error:  Uncaught Error: Call to a member function prepare() on null in G:\2018\Computer Science\Apache\htdocs\wallet\transaction_history.php:27
Stack trace:
#0 {main}
  thrown in G:\2018\Computer Science\Apache\htdocs\wallet\transaction_history.php on line 27
[13-Aug-2025 09:51:29 Europe/Berlin] PHP Warning:  Undefined variable $conn in G:\2018\Computer Science\Apache\htdocs\wallet\transaction_history.php on line 27
[13-Aug-2025 09:51:29 Europe/Berlin] PHP Fatal error:  Uncaught Error: Call to a member function prepare() on null in G:\2018\Computer Science\Apache\htdocs\wallet\transaction_history.php:27
Stack trace:
#0 {main}
  thrown in G:\2018\Computer Science\Apache\htdocs\wallet\transaction_history.php on line 27
